<?xml version="1.0" encoding="UTF-8"?>
<!-- Generated by org.testng.reporters.JUnitReportReporter -->
<testsuite hostname="URSVCORL5CG1" failures="0" tests="1" name="TestRunner.CucumberTestRunner" time="7.354" errors="0" timestamp="2023-12-04T10:49:07 CST" skipped="0">
  <testcase classname="TestRunner.CucumberTestRunner" name="runScenario" time="7.354"/>
</testsuite> <!-- TestRunner.CucumberTestRunner -->
